2024-03-10 08:27:08 error: [Cake\Database\Exception\MissingConnectionException] Connection to Mysql could not be established: SQLSTATE[HY000] [2002] No such file or directory in /Users/giuseppe/Desktop/cms/vendor/cakephp/cakephp/src/Database/Driver.php on line 192
Exception Attributes: array (
  'driver' => 'Mysql',
  'reason' => 'SQLSTATE[HY000] [2002] No such file or directory',
)
Stack Trace:
- /Users/giuseppe/Desktop/cms/vendor/cakephp/cakephp/src/Database/Driver/Mysql.php:151
- /Users/giuseppe/Desktop/cms/vendor/cakephp/cakephp/src/Database/Schema/SchemaDialect.php:51
- /Users/giuseppe/Desktop/cms/vendor/cakephp/cakephp/src/Database/Driver/Mysql.php:179
- /Users/giuseppe/Desktop/cms/vendor/cakephp/cakephp/src/Database/Schema/Collection.php:53
- /Users/giuseppe/Desktop/cms/vendor/cakephp/cakephp/src/Database/Connection.php:362
- /Users/giuseppe/Desktop/cms/vendor/cakephp/bake/src/Command/ModelCommand.php:92
- /Users/giuseppe/Desktop/cms/vendor/cakephp/bake/src/Command/AllCommand.php:115
- /Users/giuseppe/Desktop/cms/vendor/cakephp/cakephp/src/Console/BaseCommand.php:192
- /Users/giuseppe/Desktop/cms/vendor/cakephp/cakephp/src/Console/CommandRunner.php:327
- /Users/giuseppe/Desktop/cms/vendor/cakephp/cakephp/src/Console/CommandRunner.php:168
- /Users/giuseppe/Desktop/cms/bin/cake.php:10
- [main]:

Caused by: [PDOException] SQLSTATE[HY000] [2002] No such file or directory in /Users/giuseppe/Desktop/cms/vendor/cakephp/cakephp/src/Database/Driver.php on line 181
Stack Trace:
- /Users/giuseppe/Desktop/cms/vendor/cakephp/cakephp/src/Database/Driver.php:181
- /Users/giuseppe/Desktop/cms/vendor/cakephp/cakephp/src/Core/Retry/CommandRetry.php:71
- /Users/giuseppe/Desktop/cms/vendor/cakephp/cakephp/src/Database/Driver.php:190
- /Users/giuseppe/Desktop/cms/vendor/cakephp/cakephp/src/Database/Driver/Mysql.php:151
- /Users/giuseppe/Desktop/cms/vendor/cakephp/cakephp/src/Database/Schema/SchemaDialect.php:51
- /Users/giuseppe/Desktop/cms/vendor/cakephp/cakephp/src/Database/Driver/Mysql.php:179
- /Users/giuseppe/Desktop/cms/vendor/cakephp/cakephp/src/Database/Schema/Collection.php:53
- /Users/giuseppe/Desktop/cms/vendor/cakephp/cakephp/src/Database/Connection.php:362
- /Users/giuseppe/Desktop/cms/vendor/cakephp/bake/src/Command/ModelCommand.php:92
- /Users/giuseppe/Desktop/cms/vendor/cakephp/bake/src/Command/AllCommand.php:115
- /Users/giuseppe/Desktop/cms/vendor/cakephp/cakephp/src/Console/BaseCommand.php:192
- /Users/giuseppe/Desktop/cms/vendor/cakephp/cakephp/src/Console/CommandRunner.php:327
- /Users/giuseppe/Desktop/cms/vendor/cakephp/cakephp/src/Console/CommandRunner.php:168
- /Users/giuseppe/Desktop/cms/bin/cake.php:10
- [main]:

2024-03-10 08:28:25 error: [Cake\Database\Exception\MissingConnectionException] Connection to Mysql could not be established: SQLSTATE[HY000] [2002] No such file or directory in /Users/giuseppe/Desktop/cms/vendor/cakephp/cakephp/src/Database/Driver.php on line 192
Exception Attributes: array (
  'driver' => 'Mysql',
  'reason' => 'SQLSTATE[HY000] [2002] No such file or directory',
)
Stack Trace:
- /Users/giuseppe/Desktop/cms/vendor/cakephp/cakephp/src/Database/Driver/Mysql.php:151
- /Users/giuseppe/Desktop/cms/vendor/cakephp/cakephp/src/Database/Schema/SchemaDialect.php:51
- /Users/giuseppe/Desktop/cms/vendor/cakephp/cakephp/src/Database/Driver/Mysql.php:179
- /Users/giuseppe/Desktop/cms/vendor/cakephp/cakephp/src/Database/Schema/Collection.php:53
- /Users/giuseppe/Desktop/cms/vendor/cakephp/cakephp/src/Database/Connection.php:362
- /Users/giuseppe/Desktop/cms/vendor/cakephp/bake/src/Command/ModelCommand.php:92
- /Users/giuseppe/Desktop/cms/vendor/cakephp/bake/src/Command/AllCommand.php:115
- /Users/giuseppe/Desktop/cms/vendor/cakephp/cakephp/src/Console/BaseCommand.php:192
- /Users/giuseppe/Desktop/cms/vendor/cakephp/cakephp/src/Console/CommandRunner.php:327
- /Users/giuseppe/Desktop/cms/vendor/cakephp/cakephp/src/Console/CommandRunner.php:168
- /Users/giuseppe/Desktop/cms/bin/cake.php:10
- [main]:

Caused by: [PDOException] SQLSTATE[HY000] [2002] No such file or directory in /Users/giuseppe/Desktop/cms/vendor/cakephp/cakephp/src/Database/Driver.php on line 181
Stack Trace:
- /Users/giuseppe/Desktop/cms/vendor/cakephp/cakephp/src/Database/Driver.php:181
- /Users/giuseppe/Desktop/cms/vendor/cakephp/cakephp/src/Core/Retry/CommandRetry.php:71
- /Users/giuseppe/Desktop/cms/vendor/cakephp/cakephp/src/Database/Driver.php:190
- /Users/giuseppe/Desktop/cms/vendor/cakephp/cakephp/src/Database/Driver/Mysql.php:151
- /Users/giuseppe/Desktop/cms/vendor/cakephp/cakephp/src/Database/Schema/SchemaDialect.php:51
- /Users/giuseppe/Desktop/cms/vendor/cakephp/cakephp/src/Database/Driver/Mysql.php:179
- /Users/giuseppe/Desktop/cms/vendor/cakephp/cakephp/src/Database/Schema/Collection.php:53
- /Users/giuseppe/Desktop/cms/vendor/cakephp/cakephp/src/Database/Connection.php:362
- /Users/giuseppe/Desktop/cms/vendor/cakephp/bake/src/Command/ModelCommand.php:92
- /Users/giuseppe/Desktop/cms/vendor/cakephp/bake/src/Command/AllCommand.php:115
- /Users/giuseppe/Desktop/cms/vendor/cakephp/cakephp/src/Console/BaseCommand.php:192
- /Users/giuseppe/Desktop/cms/vendor/cakephp/cakephp/src/Console/CommandRunner.php:327
- /Users/giuseppe/Desktop/cms/vendor/cakephp/cakephp/src/Console/CommandRunner.php:168
- /Users/giuseppe/Desktop/cms/bin/cake.php:10
- [main]:

